nohup: 忽略输入
GPU7 第一次检测显存占用为 0 MiB，3 秒后再次确认...
GPU7 连续两次显存占用为 0 MiB，执行 Python 程序...
W0910 09:15:35.178223 140079342175296 torch/distributed/run.py:757] 
W0910 09:15:35.178223 140079342175296 torch/distributed/run.py:757] *****************************************
W0910 09:15:35.178223 140079342175296 torch/distributed/run.py:757] Setting OMP_NUM_THREADS environment variable for each process to be 1 in default, to avoid your system being overloaded, please further tune the variable for optimal performance in your application as needed. 
W0910 09:15:35.178223 140079342175296 torch/distributed/run.py:757] *****************************************
[dist initialize] mp method=spawn
[dist initialize] mp method=spawn
[dist initialize] mp method=spawn
[dist initialize] mp method=spawn
[dist initialize] mp method=spawn
[lrk=0, rk=0]
[lrk=3, rk=3]
[lrk=1, rk=1]
[lrk=4, rk=4]
[lrk=2, rk=2]
[09-10 09:15:38] (ansfer/utils/arg_util.py, line 179)=> [tf32] [precis] torch.get_float32_matmul_precision(): high
[09-10 09:15:38] (ansfer/utils/arg_util.py, line 180)=> [tf32] [ conv ] torch.backends.cudnn.allow_tf32: True
[09-10 09:15:38] (ansfer/utils/arg_util.py, line 181)=> [tf32] [matmul] torch.backends.cuda.matmul.allow_tf32: True
[09-10 09:15:51] (ne/VAR_transfer/train.py, line  41)=> global bs=320, local bs=64
[09-10 09:15:51] (ne/VAR_transfer/train.py, line  42)=> initial args:
{
  data_path           : /home/suanba/datasets/ImageNet-1K
  exp_name            : text
  vfast               : 0
  vae_path            : /home/suanba/EdgeVAR/slimgpt_pub/model_zoo/model_zoo/vae_ch160v4096z32.pth
  var_path            : /home/suanba/EdgeVAR/real_prune/slimgpt_pub_prune/sparsity_model/real_d16_0.2sparsity_1i_256eva_scale_taylor.pth
  tfast               : 0
  depth               : 16
  sparsity            : 0.2
  ini                 : -1
  hd                  : 0.02
  aln                 : 0.5
  alng                : 0.001
  fp16                : 1
  tblr                : 0.0001
  tlr                 : 0.000125
  twd                 : 0.05
  twde                : 0.05
  tclip               : 2.0
  ls                  : 0.0
  maxlayer            : 16
  bs                  : 320
  batch_size          : 64
  glb_batch_size      : 320
  ac                  : 1
  ep                  : 1
  wp                  : 0.02
  wp0                 : 0.005
  wpe                 : 0.1
  sche                : lin0
  opt                 : adamw
  afuse               : True
  saln                : False
  anorm               : True
  fuse                : True
  pn                  : 1_2_3_4_5_6_8_10_13_16
  patch_size          : 16
  patch_nums          : (1, 2, 3, 4, 5, 6, 8, 10, 13, 16)
  resos               : (16, 32, 48, 64, 80, 96, 128, 160, 208, 256)
  data_load_reso      : 256
  mid_reso            : 1.125
  hflip               : False
  workers             : 0
  pg                  : 0.0
  pg0                 : 4
  pgwp                : 0.0033333333333333335
  cmd                 : --depth=16 --bs=320 --ep=1 --fp16=1 --alng=1e-3 --wpe=0.1 --sparsity=0.2 --local_out_dir_path=/home/suanba/EdgeVAR/real_prune/VAR_train/0.2_d16_real_1epoch_5_384_taylor --data_path=/home/suanba/datasets/ImageNet-1K --var_path=/home/suanba/EdgeVAR/real_prune/slimgpt_pub_prune/sparsity_model/real_d16_0.2sparsity_1i_256eva_scale_taylor.pth --vae_path=/home/suanba/EdgeVAR/slimgpt_pub/model_zoo/model_zoo/vae_ch160v4096z32.pth
  branch              : main
  commit_id           : 3011c066ecd17fd236eb1237cb23e132b995e187
  commit_msg          : real
  acc_mean            : None
  acc_tail            : None
  L_mean              : None
  L_tail              : None
  vacc_mean           : None
  vacc_tail           : None
  vL_mean             : None
  vL_tail             : None
  grad_norm           : None
  cur_lr              : None
  cur_wd              : None
  cur_it              : 
  cur_ep              : 
  remain_time         : 
  finish_time         : 
  local_out_dir_path  : /home/suanba/EdgeVAR/real_prune/VAR_train/0.2_d16_real_1epoch_5_384_taylor
  tb_log_dir_path     : /home/suanba/EdgeVAR/real_prune/VAR_train/0.2_d16_real_1epoch_5_384_taylor/tb-VARd16__pn1_2_3_4_5_6_8_10_13_16__b320ep1adamlr0.0001wd0.05
  log_txt_path        : /home/suanba/EdgeVAR/real_prune/VAR_train/0.2_d16_real_1epoch_5_384_taylor/log.txt
  last_ckpt_path      : /home/suanba/EdgeVAR/real_prune/VAR_train/0.2_d16_real_1epoch_5_384_taylor/ar-ckpt-last.pth
  tf32                : True
  seed                : None
  transfer            : False
  same_seed_for_all_ranks: 0
  local_debug         : False
  dbg_nan             : False
}

[09-10 09:15:51] (ne/VAR_transfer/train.py, line  46)=> [build PT data] ...

[09-10 09:16:25] (R_transfer/utils/data.py, line  34)=> [Dataset] len(train_set)=1281167, len(val_set)=50000, num_classes=1000
[09-10 09:16:25] (R_transfer/utils/data.py, line  48)=> Transform [train] = 
[09-10 09:16:25] (R_transfer/utils/data.py, line  51)=> Resize(size=288, interpolation=lanczos, max_size=None, antialias=True)
[09-10 09:16:25] (R_transfer/utils/data.py, line  51)=> RandomCrop(size=(256, 256), padding=None)
[09-10 09:16:25] (R_transfer/utils/data.py, line  51)=> ToTensor()
[09-10 09:16:25] (R_transfer/utils/data.py, line  51)=> <function normalize_01_into_pm1 at 0x7f157cd35700>
[09-10 09:16:25] (R_transfer/utils/data.py, line  54)=> ---------------------------

[09-10 09:16:25] (R_transfer/utils/data.py, line  48)=> Transform [val] = 
[09-10 09:16:25] (R_transfer/utils/data.py, line  51)=> Resize(size=288, interpolation=lanczos, max_size=None, antialias=True)
[09-10 09:16:25] (R_transfer/utils/data.py, line  51)=> CenterCrop(size=(256, 256))
[09-10 09:16:25] (R_transfer/utils/data.py, line  51)=> ToTensor()
[09-10 09:16:25] (R_transfer/utils/data.py, line  51)=> <function normalize_01_into_pm1 at 0x7f157cd35700>
[09-10 09:16:25] (R_transfer/utils/data.py, line  54)=> ---------------------------

[09-10 09:16:25] (ne/VAR_transfer/train.py, line  69)=> [auto_resume] load ckpt from @ /home/suanba/EdgeVAR/real_prune/VAR_train/0.2_d16_real_1epoch_5_384_taylor/ar-ckpt-best.pth ...
[09-10 09:16:25] (ne/VAR_transfer/train.py, line  69)=> [auto_resume success] resume from ep1, it0
[09-10 09:16:25] (ne/VAR_transfer/train.py, line  70)=> [dataloader multi processing] ...     [dataloader multi processing](*) finished! (0.00s)
[09-10 09:16:25] (ne/VAR_transfer/train.py, line  76)=> [dataloader] gbs=320, lbs=64, iters_train=4004, types(tr, va)=('DatasetFolder', 'DatasetFolder')
[09-10 09:16:25] (R_transfer/models/var.py, line 109)=> 
[constructor]  ==== flash_if_available=True (0/16), fused_if_available=True (fusing_add_ln=0/16, fusing_mlp=0/16) ==== 
    [VAR config ] embed_dim=1024, num_heads=16, depth=16, mlp_ratio=4.0
    [drop ratios ] drop_rate=0.0, attn_drop_rate=0.0, drop_path_rate=0.0666667 (tensor([0.0000, 0.0044, 0.0089, 0.0133, 0.0178, 0.0222, 0.0267, 0.0311, 0.0356,
        0.0400, 0.0444, 0.0489, 0.0533, 0.0578, 0.0622, 0.0667]))

[09-10 09:16:25] (R_transfer/models/var.py, line 281)=> [init_weights] VAR with init_std=0.0180422
[09-10 09:16:28] (ne/VAR_transfer/train.py, line 108)=> 加载原始模型权重...
[09-10 09:16:30] (ne/VAR_transfer/train.py, line 124)=> [INIT] VAR model = VAR(
  drop_path_rate=0.0666667
  (word_embed): Linear(in_features=32, out_features=1024, bias=True)
  (class_emb): Embedding(1001, 1024)
  (lvl_embed): Embedding(10, 1024)
  (shared_ada_lin): Identity()
  (blocks): ModuleList(
    (0): AdaLNSelfAttn(
      shared_aln=False
      (drop_path): Identity()
      (attn): SelfAttention(
        using_flash=False, using_xform=False, attn_l2_norm=True
        (mat_qkv): Linear(in_features=1024, out_features=2496, bias=False)
        (proj): Linear(in_features=832, out_features=1024, bias=True)
        (proj_drop): Identity()
      )
      (ffn): FFN(
        fused_mlp_func=False
        (fc1): Linear(in_features=1024, out_features=3277, bias=True)
        (act): GELU(approximate='tanh')
        (fc2): Linear(in_features=3277, out_features=1024, bias=True)
        (drop): Identity()
      )
      (ln_wo_grad): LayerNorm((1024,), eps=1e-06, elementwise_affine=False)
      (ada_lin): Sequential(
        (0): SiLU()
        (1): Linear(in_features=1024, out_features=6144, bias=True)
      )
    )
    (1-15): 15 x AdaLNSelfAttn(
      shared_aln=False
      (drop_path): DropPath((drop_prob=...))
      (attn): SelfAttention(
        using_flash=False, using_xform=False, attn_l2_norm=True
        (mat_qkv): Linear(in_features=1024, out_features=2496, bias=False)
        (proj): Linear(in_features=832, out_features=1024, bias=True)
        (proj_drop): Identity()
      )
      (ffn): FFN(
        fused_mlp_func=False
        (fc1): Linear(in_features=1024, out_features=3277, bias=True)
        (act): GELU(approximate='tanh')
        (fc2): Linear(in_features=3277, out_features=1024, bias=True)
        (drop): Identity()
      )
      (ln_wo_grad): LayerNorm((1024,), eps=1e-06, elementwise_affine=False)
      (ada_lin): Sequential(
        (0): SiLU()
        (1): Linear(in_features=1024, out_features=6144, bias=True)
      )
    )
  )
  (head_nm): AdaLNBeforeHead(
    (ln_wo_grad): LayerNorm((1024,), eps=1e-06, elementwise_affine=False)
    (ada_lin): Sequential(
      (0): SiLU()
      (1): Linear(in_features=1024, out_features=2048, bias=True)
    )
  )
  (head): Linear(in_features=1024, out_features=4096, bias=True)
)


[09-10 09:16:30] (ne/VAR_transfer/train.py, line 126)=> [INIT][#para] VAE=108.95, VAE.enc=44.11, VAE.dec=64.65, VAE.quant=0.17
[09-10 09:16:30] (ne/VAR_transfer/train.py, line 127)=> [INIT][#para] VAR=270.84


[09-10 09:16:30] (sfer/utils/lr_control.py, line  99)=> [get_param_groups] param_groups = 
{ 'D': { 'lr_sc': 1.0,
         'params': "('word_embed.weight, class_emb.weight, blocks.0.attn.mat_qkv.weight, blocks.0.attn.proj.weight, blocks.0.ffn.fc1.weight, blocks.0.ffn.fc2.weight, blocks.0.ada_lin.1.weight, '\n"
                   " 'blocks.1.attn.mat_qkv.weight, blocks.1.attn.proj.weight, blocks.1.ffn.fc1.weight, blocks.1.ffn.fc2.weight, blocks.1.ada_lin.1.weight, blocks.2.attn.mat_qkv.weight, blocks.2.attn.proj.weight, '\n"
                   " 'blocks.2.ffn.fc1.weight, blocks.2.ffn.fc2.weight, blocks.2.ada_lin.1.weight, blocks.3.attn.mat_qkv.weight, blocks.3.attn.proj.weight, blocks.3.ffn.fc1.weight, blocks.3.ffn.fc2.weight, '\n"
                   " 'blocks.3.ada_lin.1.weight, blocks.4.attn.mat_qkv.weight, blocks.4.attn.proj.weight, blocks.4.ffn.fc1.weight, blocks.4.ffn.fc2.weight, blocks.4.ada_lin.1.weight, blocks.5.attn.mat_qkv.weight, '\n"
                   " 'blocks.5.attn.proj.weight, blocks.5.ffn.fc1.weight, blocks.5.ffn.fc2.weight, blocks.5.ada_lin.1.weight, blocks.6.attn.mat_qkv.weight, blocks.6.attn.proj.weight, blocks.6.ffn.fc1.weight, '\n"
                   " 'blocks.6.ffn.fc2.weight, blocks.6.ada_lin.1.weight, blocks.7.attn.mat_qkv.weight, blocks.7.attn.proj.weight, blocks.7.ffn.fc1.weight, blocks.7.ffn.fc2.weight, blocks.7.ada_lin.1.weight, '\n"
                   " 'blocks.8.attn.mat_qkv.weight, blocks.8.attn.proj.weight, blocks.8.ffn.fc1.weight, blocks.8.ffn.fc2.weight, blocks.8.ada_lin.1.weight, blocks.9.attn.mat_qkv.weight, blocks.9.attn.proj.weight, '\n"
                   " 'blocks.9.ffn.fc1.weight, blocks.9.ffn.fc2.weight, blocks.9.ada_lin.1.weight, blocks.10.attn.mat_qkv.weight, blocks.10.attn.proj.weight, blocks.10.ffn.fc1.weight, blocks.10.ffn.fc2.weight, '\n"
                   " 'blocks.10.ada_lin.1.weight, blocks.11.attn.mat_qkv.weight, blocks.11.attn.proj.weight, blocks.11.ffn.fc1.weight, blocks.11.ffn.fc2.weight, blocks.11.ada_lin.1.weight, '\n"
                   " 'blocks.12.attn.mat_qkv.weight, blocks.12.attn.proj.weight, blocks.12.ffn.fc1.weight, blocks.12.ffn.fc2.weight, blocks.12.ada_lin.1.weight, blocks.13.attn.mat_qkv.weight, '\n"
                   " 'blocks.13.attn.proj.weight, blocks.13.ffn.fc1.weight, blocks.13.ffn.fc2.weight, blocks.13.ada_lin.1.weight, blocks.14.attn.mat_qkv.weight, blocks.14.attn.proj.weight, blocks.14.ffn.fc1.weight, '\n"
                   " 'blocks.14.ffn.fc2.weight, blocks.14.ada_lin.1.weight, blocks.15.attn.mat_qkv.weight, blocks.15.attn.proj.weight, blocks.15.ffn.fc1.weight, blocks.15.ffn.fc2.weight, blocks.15.ada_lin.1.weight, '\n"
                   " 'head_nm.ada_lin.1.weight, head.weight')",
         'wd_sc': 1.0},
  'ND': { 'lr_sc': 1.0,
          'params': "('pos_start, pos_1LC, word_embed.bias, lvl_embed.weight, blocks.0.attn.scale_mul_1H11, blocks.0.attn.q_bias, blocks.0.attn.v_bias, blocks.0.attn.proj.bias, blocks.0.ffn.fc1.bias, '\n"
                    " 'blocks.0.ffn.fc2.bias, blocks.0.ada_lin.1.bias, blocks.1.attn.scale_mul_1H11, blocks.1.attn.q_bias, blocks.1.attn.v_bias, blocks.1.attn.proj.bias, blocks.1.ffn.fc1.bias, blocks.1.ffn.fc2.bias, '\n"
                    " 'blocks.1.ada_lin.1.bias, blocks.2.attn.scale_mul_1H11, blocks.2.attn.q_bias, blocks.2.attn.v_bias, blocks.2.attn.proj.bias, blocks.2.ffn.fc1.bias, blocks.2.ffn.fc2.bias, blocks.2.ada_lin.1.bias, '\n"
                    " 'blocks.3.attn.scale_mul_1H11, blocks.3.attn.q_bias, blocks.3.attn.v_bias, blocks.3.attn.proj.bias, blocks.3.ffn.fc1.bias, blocks.3.ffn.fc2.bias, blocks.3.ada_lin.1.bias, '\n"
                    " 'blocks.4.attn.scale_mul_1H11, blocks.4.attn.q_bias, blocks.4.attn.v_bias, blocks.4.attn.proj.bias, blocks.4.ffn.fc1.bias, blocks.4.ffn.fc2.bias, blocks.4.ada_lin.1.bias, '\n"
                    " 'blocks.5.attn.scale_mul_1H11, blocks.5.attn.q_bias, blocks.5.attn.v_bias, blocks.5.attn.proj.bias, blocks.5.ffn.fc1.bias, blocks.5.ffn.fc2.bias, blocks.5.ada_lin.1.bias, '\n"
                    " 'blocks.6.attn.scale_mul_1H11, blocks.6.attn.q_bias, blocks.6.attn.v_bias, blocks.6.attn.proj.bias, blocks.6.ffn.fc1.bias, blocks.6.ffn.fc2.bias, blocks.6.ada_lin.1.bias, '\n"
                    " 'blocks.7.attn.scale_mul_1H11, blocks.7.attn.q_bias, blocks.7.attn.v_bias, blocks.7.attn.proj.bias, blocks.7.ffn.fc1.bias, blocks.7.ffn.fc2.bias, blocks.7.ada_lin.1.bias, '\n"
                    " 'blocks.8.attn.scale_mul_1H11, blocks.8.attn.q_bias, blocks.8.attn.v_bias, blocks.8.attn.proj.bias, blocks.8.ffn.fc1.bias, blocks.8.ffn.fc2.bias, blocks.8.ada_lin.1.bias, '\n"
                    " 'blocks.9.attn.scale_mul_1H11, blocks.9.attn.q_bias, blocks.9.attn.v_bias, blocks.9.attn.proj.bias, blocks.9.ffn.fc1.bias, blocks.9.ffn.fc2.bias, blocks.9.ada_lin.1.bias, '\n"
                    " 'blocks.10.attn.scale_mul_1H11, blocks.10.attn.q_bias, blocks.10.attn.v_bias, blocks.10.attn.proj.bias, blocks.10.ffn.fc1.bias, blocks.10.ffn.fc2.bias, blocks.10.ada_lin.1.bias, '\n"
                    " 'blocks.11.attn.scale_mul_1H11, blocks.11.attn.q_bias, blocks.11.attn.v_bias, blocks.11.attn.proj.bias, blocks.11.ffn.fc1.bias, blocks.11.ffn.fc2.bias, blocks.11.ada_lin.1.bias, '\n"
                    " 'blocks.12.attn.scale_mul_1H11, blocks.12.attn.q_bias, blocks.12.attn.v_bias, blocks.12.attn.proj.bias, blocks.12.ffn.fc1.bias, blocks.12.ffn.fc2.bias, blocks.12.ada_lin.1.bias, '\n"
                    " 'blocks.13.attn.scale_mul_1H11, blocks.13.attn.q_bias, blocks.13.attn.v_bias, blocks.13.attn.proj.bias, blocks.13.ffn.fc1.bias, blocks.13.ffn.fc2.bias, blocks.13.ada_lin.1.bias, '\n"
                    " 'blocks.14.attn.scale_mul_1H11, blocks.14.attn.q_bias, blocks.14.attn.v_bias, blocks.14.attn.proj.bias, blocks.14.ffn.fc1.bias, blocks.14.ffn.fc2.bias, blocks.14.ada_lin.1.bias, '\n"
                    " 'blocks.15.attn.scale_mul_1H11, blocks.15.attn.q_bias, blocks.15.attn.v_bias, blocks.15.attn.proj.bias, blocks.15.ffn.fc1.bias, blocks.15.ffn.fc2.bias, blocks.15.ada_lin.1.bias, '\n"
                    " 'head_nm.ada_lin.1.bias, head.bias')",
          'wd_sc': 0.0}}

[09-10 09:16:30] (sfer/utils/lr_control.py, line 104)=> [get_param_groups][rank0] type(model).__name__='VAR' count=202, numel=270844320
[09-10 09:16:30] (sfer/utils/lr_control.py, line 104)=> [get_param_groups][rank1] type(model).__name__='VAR' count=202, numel=270844320
[09-10 09:16:30] (sfer/utils/lr_control.py, line 104)=> [get_param_groups][rank2] type(model).__name__='VAR' count=202, numel=270844320
[09-10 09:16:30] (sfer/utils/lr_control.py, line 104)=> [get_param_groups][rank3] type(model).__name__='VAR' count=202, numel=270844320
[09-10 09:16:30] (sfer/utils/lr_control.py, line 105)=> 
[09-10 09:16:30] (ne/VAR_transfer/train.py, line 142)=> [INIT] optim=functools.partial(<class 'torch.optim.adamw.AdamW'>, betas=(0.9, 0.95), fused=True), opt_kw={'lr': 0.000125, 'weight_decay': 0}

Error in sys.excepthook:
Traceback (most recent call last):
  File "/root/miniconda3/envs/common/lib/python3.9/site-packages/torch/distributed/distributed_c10d.py", line 1339, in _distributed_excepthook
Error in sys.excepthook:
Error in sys.excepthook:
Traceback (most recent call last):
Traceback (most recent call last):
Error in sys.excepthook:
  File "/root/miniconda3/envs/common/lib/python3.9/site-packages/torch/distributed/distributed_c10d.py", line 1339, in _distributed_excepthook
  File "/root/miniconda3/envs/common/lib/python3.9/site-packages/torch/distributed/distributed_c10d.py", line 1339, in _distributed_excepthook
Traceback (most recent call last):
  File "/root/miniconda3/envs/common/lib/python3.9/site-packages/torch/distributed/distributed_c10d.py", line 1339, in _distributed_excepthook
    prefix = f"[rank{get_rank()}]"
  File "/root/miniconda3/envs/common/lib/python3.9/site-packages/torch/distributed/distributed_c10d.py", line 1746, in get_rank
        prefix = f"[rank{get_rank()}]"    prefix = f"[rank{get_rank()}]"
prefix = f"[rank{get_rank()}]"
  File "/root/miniconda3/envs/common/lib/python3.9/site-packages/torch/distributed/distributed_c10d.py", line 1746, in get_rank

  File "/root/miniconda3/envs/common/lib/python3.9/site-packages/torch/distributed/distributed_c10d.py", line 1746, in get_rank
  File "/root/miniconda3/envs/common/lib/python3.9/site-packages/torch/distributed/distributed_c10d.py", line 1746, in get_rank
    default_pg = _get_default_group()
  File "/root/miniconda3/envs/common/lib/python3.9/site-packages/torch/distributed/distributed_c10d.py", line 1008, in _get_default_group
    raise ValueError(
    ValueErrordefault_pg = _get_default_group()    :     
default_pg = _get_default_group()Default process group has not been initialized, please make sure to call init_process_group.default_pg = _get_default_group()  File "/root/miniconda3/envs/common/lib/python3.9/site-packages/torch/distributed/distributed_c10d.py", line 1008, in _get_default_group



  File "/root/miniconda3/envs/common/lib/python3.9/site-packages/torch/distributed/distributed_c10d.py", line 1008, in _get_default_group

Original exception was:
  File "/root/miniconda3/envs/common/lib/python3.9/site-packages/torch/distributed/distributed_c10d.py", line 1008, in _get_default_group
Traceback (most recent call last):
  File "/home/suanba/EdgeVAR/real_prune/VAR_transfer/train.py", line 351, in <module>
    raise ValueError(
    ValueError    try: main_training(): raise ValueError(    
Default process group has not been initialized, please make sure to call init_process_group.
raise ValueError(  File "/home/suanba/EdgeVAR/real_prune/VAR_transfer/train.py", line 200, in main_training


ValueError
Original exception was:
ValueError: Traceback (most recent call last):
: Default process group has not been initialized, please make sure to call init_process_group.  File "/home/suanba/EdgeVAR/real_prune/VAR_transfer/train.py", line 351, in <module>
Default process group has not been initialized, please make sure to call init_process_group.    

) = build_everything(args)
Original exception was:

Original exception was:

Traceback (most recent call last):
Traceback (most recent call last):
  File "/home/suanba/EdgeVAR/real_prune/VAR_transfer/train.py", line 151, in build_everything
  File "/home/suanba/EdgeVAR/real_prune/VAR_transfer/train.py", line 351, in <module>
  File "/home/suanba/EdgeVAR/real_prune/VAR_transfer/train.py", line 351, in <module>
    try: main_training()
  File "/home/suanba/EdgeVAR/real_prune/VAR_transfer/train.py", line 200, in main_training
    trainer = VARTrainer(
  File "/home/suanba/EdgeVAR/real_prune/VAR_transfer/trainer.py", line 33, in __init__
        try: main_training()    try: main_training()    
) = build_everything(args)
del self.var_wo_ddp.rng  File "/home/suanba/EdgeVAR/real_prune/VAR_transfer/train.py", line 200, in main_training

  File "/home/suanba/EdgeVAR/real_prune/VAR_transfer/train.py", line 200, in main_training

  File "/home/suanba/EdgeVAR/real_prune/VAR_transfer/train.py", line 151, in build_everything
  File "/root/miniconda3/envs/common/lib/python3.9/site-packages/torch/nn/modules/module.py", line 1779, in __delattr__
    ) = build_everything(args)    
) = build_everything(args)  File "/home/suanba/EdgeVAR/real_prune/VAR_transfer/train.py", line 151, in build_everything
    
trainer = VARTrainer(  File "/home/suanba/EdgeVAR/real_prune/VAR_transfer/train.py", line 151, in build_everything

  File "/home/suanba/EdgeVAR/real_prune/VAR_transfer/trainer.py", line 33, in __init__
    trainer = VARTrainer(
  File "/home/suanba/EdgeVAR/real_prune/VAR_transfer/trainer.py", line 33, in __init__
        trainer = VARTrainer(del self.var_wo_ddp.rng
        
  File "/home/suanba/EdgeVAR/real_prune/VAR_transfer/trainer.py", line 33, in __init__
super().__delattr__(name)del self.var_wo_ddp.rng  File "/root/miniconda3/envs/common/lib/python3.9/site-packages/torch/nn/modules/module.py", line 1779, in __delattr__


AttributeError      File "/root/miniconda3/envs/common/lib/python3.9/site-packages/torch/nn/modules/module.py", line 1779, in __delattr__
: del self.var_wo_ddp.rngrng

  File "/root/miniconda3/envs/common/lib/python3.9/site-packages/torch/nn/modules/module.py", line 1779, in __delattr__
    super().__delattr__(name)
AttributeError: rng
    super().__delattr__(name)
AttributeError: rng
    super().__delattr__(name)
AttributeError: rng
[09-10 09:16:30] (sfer/utils/lr_control.py, line 104)=> [get_param_groups][rank4] type(model).__name__='VAR' count=202, numel=270844320
Error in sys.excepthook:
Traceback (most recent call last):
  File "/root/miniconda3/envs/common/lib/python3.9/site-packages/torch/distributed/distributed_c10d.py", line 1339, in _distributed_excepthook
    prefix = f"[rank{get_rank()}]"
  File "/root/miniconda3/envs/common/lib/python3.9/site-packages/torch/distributed/distributed_c10d.py", line 1746, in get_rank
    default_pg = _get_default_group()
  File "/root/miniconda3/envs/common/lib/python3.9/site-packages/torch/distributed/distributed_c10d.py", line 1008, in _get_default_group
    raise ValueError(
ValueError: Default process group has not been initialized, please make sure to call init_process_group.

Original exception was:
Traceback (most recent call last):
  File "/home/suanba/EdgeVAR/real_prune/VAR_transfer/train.py", line 351, in <module>
    try: main_training()
  File "/home/suanba/EdgeVAR/real_prune/VAR_transfer/train.py", line 200, in main_training
    ) = build_everything(args)
  File "/home/suanba/EdgeVAR/real_prune/VAR_transfer/train.py", line 151, in build_everything
    trainer = VARTrainer(
  File "/home/suanba/EdgeVAR/real_prune/VAR_transfer/trainer.py", line 33, in __init__
    del self.var_wo_ddp.rng
  File "/root/miniconda3/envs/common/lib/python3.9/site-packages/torch/nn/modules/module.py", line 1779, in __delattr__
    super().__delattr__(name)
AttributeError: rng
E0910 09:16:35.302787 140079342175296 torch/distributed/elastic/multiprocessing/api.py:826] failed (exitcode: 1) local_rank: 0 (pid: 2837805) of binary: /root/miniconda3/envs/common/bin/python3.9
Traceback (most recent call last):
  File "/root/miniconda3/envs/common/bin/torchrun", line 8, in <module>
    sys.exit(main())
  File "/root/miniconda3/envs/common/lib/python3.9/site-packages/torch/distributed/elastic/multiprocessing/errors/__init__.py", line 347, in wrapper
    return f(*args, **kwargs)
  File "/root/miniconda3/envs/common/lib/python3.9/site-packages/torch/distributed/run.py", line 879, in main
    run(args)
  File "/root/miniconda3/envs/common/lib/python3.9/site-packages/torch/distributed/run.py", line 870, in run
    elastic_launch(
  File "/root/miniconda3/envs/common/lib/python3.9/site-packages/torch/distributed/launcher/api.py", line 132, in __call__
    return launch_agent(self._config, self._entrypoint, list(args))
  File "/root/miniconda3/envs/common/lib/python3.9/site-packages/torch/distributed/launcher/api.py", line 263, in launch_agent
    raise ChildFailedError(
torch.distributed.elastic.multiprocessing.errors.ChildFailedError: 
============================================================
train.py FAILED
------------------------------------------------------------
Failures:
[1]:
  time      : 2025-09-10_09:16:35
  host      : suanba
  rank      : 1 (local_rank: 1)
  exitcode  : 1 (pid: 2837806)
  error_file: <N/A>
  traceback : To enable traceback see: https://pytorch.org/docs/stable/elastic/errors.html
[2]:
  time      : 2025-09-10_09:16:35
  host      : suanba
  rank      : 2 (local_rank: 2)
  exitcode  : 1 (pid: 2837807)
  error_file: <N/A>
  traceback : To enable traceback see: https://pytorch.org/docs/stable/elastic/errors.html
[3]:
  time      : 2025-09-10_09:16:35
  host      : suanba
  rank      : 3 (local_rank: 3)
  exitcode  : 1 (pid: 2837808)
  error_file: <N/A>
  traceback : To enable traceback see: https://pytorch.org/docs/stable/elastic/errors.html
[4]:
  time      : 2025-09-10_09:16:35
  host      : suanba
  rank      : 4 (local_rank: 4)
  exitcode  : 1 (pid: 2837809)
  error_file: <N/A>
  traceback : To enable traceback see: https://pytorch.org/docs/stable/elastic/errors.html
------------------------------------------------------------
Root Cause (first observed failure):
[0]:
  time      : 2025-09-10_09:16:35
  host      : suanba
  rank      : 0 (local_rank: 0)
  exitcode  : 1 (pid: 2837805)
  error_file: <N/A>
  traceback : To enable traceback see: https://pytorch.org/docs/stable/elastic/errors.html
============================================================
