nohup: 忽略输入
GPU7 第一次检测显存占用为 0 MiB，3 秒后再次确认...
GPU7 连续两次显存占用为 0 MiB，执行 Python 程序...
W0903 17:12:14.484488 140473653548096 torch/distributed/run.py:757] 
W0903 17:12:14.484488 140473653548096 torch/distributed/run.py:757] *****************************************
W0903 17:12:14.484488 140473653548096 torch/distributed/run.py:757] Setting OMP_NUM_THREADS environment variable for each process to be 1 in default, to avoid your system being overloaded, please further tune the variable for optimal performance in your application as needed. 
W0903 17:12:14.484488 140473653548096 torch/distributed/run.py:757] *****************************************
[dist initialize] mp method=spawn
[dist initialize] mp method=spawn
[dist initialize] mp method=spawn
[dist initialize] mp method=spawn
[dist initialize] mp method=spawn
[dist initialize] mp method=spawn
[lrk=2, rk=2]
[dist initialize] mp method=spawn
[dist initialize] mp method=spawn
[lrk=5, rk=5]
[lrk=4, rk=4]
[lrk=3, rk=3]
[lrk=6, rk=6]
[lrk=1, rk=1]
[lrk=7, rk=7]
[lrk=0, rk=0]
[09-03 17:12:19] (_train/utils/arg_util.py, line 179)=> [tf32] [precis] torch.get_float32_matmul_precision(): high
[09-03 17:12:19] (_train/utils/arg_util.py, line 180)=> [tf32] [ conv ] torch.backends.cudnn.allow_tf32: True
[09-03 17:12:19] (_train/utils/arg_util.py, line 181)=> [tf32] [matmul] torch.backends.cuda.matmul.allow_tf32: True
[09-03 17:12:19] (prune/VAR_train/train.py, line  41)=> global bs=512, local bs=64
[09-03 17:12:19] (prune/VAR_train/train.py, line  42)=> initial args:
{
  data_path           : /home/suanba/datasets/ImageNet-1K
  exp_name            : text
  vfast               : 0
  vae_path            : /home/suanba/EdgeVAR/slimgpt_pub/model_zoo/model_zoo/vae_ch160v4096z32.pth
  var_path            : /home/suanba/EdgeVAR/real_prune/slimgpt_pub_prune/sparsity_model/prune_d16_0.4sparsity_150i_256eva_scale.pth
  tfast               : 0
  depth               : 16
  sparsity            : 0.4
  ini                 : -1
  hd                  : 0.02
  aln                 : 0.5
  alng                : 0.001
  fp16                : 1
  tblr                : 0.0001
  tlr                 : 0.0002
  twd                 : 0.05
  twde                : 0.05
  tclip               : 2.0
  ls                  : 0.0
  maxlayer            : 16
  bs                  : 512
  batch_size          : 64
  glb_batch_size      : 512
  ac                  : 1
  ep                  : 1
  wp                  : 0.02
  wp0                 : 0.005
  wpe                 : 0.1
  sche                : lin0
  opt                 : adamw
  afuse               : True
  saln                : False
  anorm               : True
  fuse                : True
  pn                  : 1_2_3_4_5_6_8_10_13_16
  patch_size          : 16
  patch_nums          : (1, 2, 3, 4, 5, 6, 8, 10, 13, 16)
  resos               : (16, 32, 48, 64, 80, 96, 128, 160, 208, 256)
  data_load_reso      : 256
  mid_reso            : 1.125
  hflip               : False
  workers             : 0
  pg                  : 0.0
  pg0                 : 4
  pgwp                : 0.0033333333333333335
  cmd                 : --depth=16 --bs=512 --ep=1 --fp16=1 --alng=1e-3 --wpe=0.1 --sparsity=0.4 --local_out_dir_path=/home/suanba/EdgeVAR/real_prune/VAR_train/0.4_d16_real_1epoch_150i_8_512_slim --data_path=/home/suanba/datasets/ImageNet-1K --var_path=/home/suanba/EdgeVAR/real_prune/slimgpt_pub_prune/sparsity_model/prune_d16_0.4sparsity_150i_256eva_scale.pth --vae_path=/home/suanba/EdgeVAR/slimgpt_pub/model_zoo/model_zoo/vae_ch160v4096z32.pth
  branch              : main
  commit_id           : 3011c066ecd17fd236eb1237cb23e132b995e187
  commit_msg          : real
  acc_mean            : None
  acc_tail            : None
  L_mean              : None
  L_tail              : None
  vacc_mean           : None
  vacc_tail           : None
  vL_mean             : None
  vL_tail             : None
  grad_norm           : None
  cur_lr              : None
  cur_wd              : None
  cur_it              : 
  cur_ep              : 
  remain_time         : 
  finish_time         : 
  local_out_dir_path  : /home/suanba/EdgeVAR/real_prune/VAR_train/0.4_d16_real_1epoch_150i_8_512_slim
  tb_log_dir_path     : /home/suanba/EdgeVAR/real_prune/VAR_train/0.4_d16_real_1epoch_150i_8_512_slim/tb-VARd16__pn1_2_3_4_5_6_8_10_13_16__b512ep1adamlr0.0001wd0.05
  log_txt_path        : /home/suanba/EdgeVAR/real_prune/VAR_train/0.4_d16_real_1epoch_150i_8_512_slim/log.txt
  last_ckpt_path      : /home/suanba/EdgeVAR/real_prune/VAR_train/0.4_d16_real_1epoch_150i_8_512_slim/ar-ckpt-last.pth
  tf32                : True
  seed                : None
  transfer            : False
  same_seed_for_all_ranks: 0
  local_debug         : False
  dbg_nan             : False
}

[09-03 17:12:19] (prune/VAR_train/train.py, line  46)=> [build PT data] ...

[09-03 17:13:01] (/VAR_train/utils/data.py, line  34)=> [Dataset] len(train_set)=1281167, len(val_set)=50000, num_classes=1000
[09-03 17:13:01] (/VAR_train/utils/data.py, line  48)=> Transform [train] = 
[09-03 17:13:01] (/VAR_train/utils/data.py, line  51)=> Resize(size=288, interpolation=lanczos, max_size=None, antialias=True)
[09-03 17:13:01] (/VAR_train/utils/data.py, line  51)=> RandomCrop(size=(256, 256), padding=None)
[09-03 17:13:01] (/VAR_train/utils/data.py, line  51)=> ToTensor()
[09-03 17:13:01] (/VAR_train/utils/data.py, line  51)=> <function normalize_01_into_pm1 at 0x7f67d4f1a5e0>
[09-03 17:13:01] (/VAR_train/utils/data.py, line  54)=> ---------------------------

[09-03 17:13:01] (/VAR_train/utils/data.py, line  48)=> Transform [val] = 
[09-03 17:13:01] (/VAR_train/utils/data.py, line  51)=> Resize(size=288, interpolation=lanczos, max_size=None, antialias=True)
[09-03 17:13:01] (/VAR_train/utils/data.py, line  51)=> CenterCrop(size=(256, 256))
[09-03 17:13:01] (/VAR_train/utils/data.py, line  51)=> ToTensor()
[09-03 17:13:01] (/VAR_train/utils/data.py, line  51)=> <function normalize_01_into_pm1 at 0x7f67d4f1a5e0>
[09-03 17:13:01] (/VAR_train/utils/data.py, line  54)=> ---------------------------

[09-03 17:13:01] (prune/VAR_train/train.py, line  69)=> [auto_resume] no ckpt found @ /home/suanba/EdgeVAR/real_prune/VAR_train/0.4_d16_real_1epoch_150i_8_512_slim/ar-ckpt*.pth
[09-03 17:13:01] (prune/VAR_train/train.py, line  69)=> [auto_resume quit]
[09-03 17:13:01] (prune/VAR_train/train.py, line  70)=> [dataloader multi processing] ...     [dataloader multi processing](*) finished! (0.00s)
[09-03 17:13:01] (prune/VAR_train/train.py, line  76)=> [dataloader] gbs=512, lbs=64, iters_train=2503, types(tr, va)=('DatasetFolder', 'DatasetFolder')
[09-03 17:13:01] (/VAR_train/models/var.py, line 102)=> 
[constructor]  ==== flash_if_available=True (0/16), fused_if_available=True (fusing_add_ln=0/16, fusing_mlp=0/16) ==== 
    [VAR config ] embed_dim=1024, num_heads=16, depth=16, mlp_ratio=4.0
    [drop ratios ] drop_rate=0.0, attn_drop_rate=0.0, drop_path_rate=0.0666667 (tensor([0.0000, 0.0044, 0.0089, 0.0133, 0.0178, 0.0222, 0.0267, 0.0311, 0.0356,
        0.0400, 0.0444, 0.0489, 0.0533, 0.0578, 0.0622, 0.0667]))

[09-03 17:13:01] (/VAR_train/models/var.py, line 259)=> [init_weights] VAR with init_std=0.0180422
[09-03 17:13:04] (prune/VAR_train/train.py, line 108)=> 加载原始模型权重...
[09-03 17:13:05] (prune/VAR_train/train.py, line 124)=> [INIT] VAR model = VAR(
  drop_path_rate=0.0666667
  (word_embed): Linear(in_features=32, out_features=1024, bias=True)
  (class_emb): Embedding(1001, 1024)
  (lvl_embed): Embedding(10, 1024)
  (shared_ada_lin): Identity()
  (blocks): ModuleList(
    (0): AdaLNSelfAttn(
      shared_aln=False
      (drop_path): Identity()
      (attn): SelfAttention(
        using_flash=False, using_xform=False, attn_l2_norm=True
        (mat_qkv): Linear(in_features=1024, out_features=1920, bias=False)
        (proj): Linear(in_features=640, out_features=1024, bias=True)
        (proj_drop): Identity()
      )
      (ffn): FFN(
        fused_mlp_func=False
        (fc1): Linear(in_features=1024, out_features=2458, bias=True)
        (act): GELU(approximate='tanh')
        (fc2): Linear(in_features=2458, out_features=1024, bias=True)
        (drop): Identity()
      )
      (ln_wo_grad): LayerNorm((1024,), eps=1e-06, elementwise_affine=False)
      (ada_lin): Sequential(
        (0): SiLU()
        (1): Linear(in_features=1024, out_features=6144, bias=True)
      )
    )
    (1-15): 15 x AdaLNSelfAttn(
      shared_aln=False
      (drop_path): DropPath((drop_prob=...))
      (attn): SelfAttention(
        using_flash=False, using_xform=False, attn_l2_norm=True
        (mat_qkv): Linear(in_features=1024, out_features=1920, bias=False)
        (proj): Linear(in_features=640, out_features=1024, bias=True)
        (proj_drop): Identity()
      )
      (ffn): FFN(
        fused_mlp_func=False
        (fc1): Linear(in_features=1024, out_features=2458, bias=True)
        (act): GELU(approximate='tanh')
        (fc2): Linear(in_features=2458, out_features=1024, bias=True)
        (drop): Identity()
      )
      (ln_wo_grad): LayerNorm((1024,), eps=1e-06, elementwise_affine=False)
      (ada_lin): Sequential(
        (0): SiLU()
        (1): Linear(in_features=1024, out_features=6144, bias=True)
      )
    )
  )
  (head_nm): AdaLNBeforeHead(
    (ln_wo_grad): LayerNorm((1024,), eps=1e-06, elementwise_affine=False)
    (ada_lin): Sequential(
      (0): SiLU()
      (1): Linear(in_features=1024, out_features=2048, bias=True)
    )
  )
  (head): Linear(in_features=1024, out_features=4096, bias=True)
)


[09-03 17:13:05] (prune/VAR_train/train.py, line 126)=> [INIT][#para] VAE=108.95, VAE.enc=44.11, VAE.dec=64.65, VAE.quant=0.17
[09-03 17:13:05] (prune/VAR_train/train.py, line 127)=> [INIT][#para] VAR=231.41


[09-03 17:13:05] (rain/utils/lr_control.py, line  99)=> [get_param_groups] param_groups = 
{ 'D': { 'lr_sc': 1.0,
         'params': "('word_embed.weight, class_emb.weight, blocks.0.attn.mat_qkv.weight, blocks.0.attn.proj.weight, blocks.0.ffn.fc1.weight, blocks.0.ffn.fc2.weight, blocks.0.ada_lin.1.weight, '\n"
                   " 'blocks.1.attn.mat_qkv.weight, blocks.1.attn.proj.weight, blocks.1.ffn.fc1.weight, blocks.1.ffn.fc2.weight, blocks.1.ada_lin.1.weight, blocks.2.attn.mat_qkv.weight, blocks.2.attn.proj.weight, '\n"
                   " 'blocks.2.ffn.fc1.weight, blocks.2.ffn.fc2.weight, blocks.2.ada_lin.1.weight, blocks.3.attn.mat_qkv.weight, blocks.3.attn.proj.weight, blocks.3.ffn.fc1.weight, blocks.3.ffn.fc2.weight, '\n"
                   " 'blocks.3.ada_lin.1.weight, blocks.4.attn.mat_qkv.weight, blocks.4.attn.proj.weight, blocks.4.ffn.fc1.weight, blocks.4.ffn.fc2.weight, blocks.4.ada_lin.1.weight, blocks.5.attn.mat_qkv.weight, '\n"
                   " 'blocks.5.attn.proj.weight, blocks.5.ffn.fc1.weight, blocks.5.ffn.fc2.weight, blocks.5.ada_lin.1.weight, blocks.6.attn.mat_qkv.weight, blocks.6.attn.proj.weight, blocks.6.ffn.fc1.weight, '\n"
                   " 'blocks.6.ffn.fc2.weight, blocks.6.ada_lin.1.weight, blocks.7.attn.mat_qkv.weight, blocks.7.attn.proj.weight, blocks.7.ffn.fc1.weight, blocks.7.ffn.fc2.weight, blocks.7.ada_lin.1.weight, '\n"
                   " 'blocks.8.attn.mat_qkv.weight, blocks.8.attn.proj.weight, blocks.8.ffn.fc1.weight, blocks.8.ffn.fc2.weight, blocks.8.ada_lin.1.weight, blocks.9.attn.mat_qkv.weight, blocks.9.attn.proj.weight, '\n"
                   " 'blocks.9.ffn.fc1.weight, blocks.9.ffn.fc2.weight, blocks.9.ada_lin.1.weight, blocks.10.attn.mat_qkv.weight, blocks.10.attn.proj.weight, blocks.10.ffn.fc1.weight, blocks.10.ffn.fc2.weight, '\n"
                   " 'blocks.10.ada_lin.1.weight, blocks.11.attn.mat_qkv.weight, blocks.11.attn.proj.weight, blocks.11.ffn.fc1.weight, blocks.11.ffn.fc2.weight, blocks.11.ada_lin.1.weight, '\n"
                   " 'blocks.12.attn.mat_qkv.weight, blocks.12.attn.proj.weight, blocks.12.ffn.fc1.weight, blocks.12.ffn.fc2.weight, blocks.12.ada_lin.1.weight, blocks.13.attn.mat_qkv.weight, '\n"
                   " 'blocks.13.attn.proj.weight, blocks.13.ffn.fc1.weight, blocks.13.ffn.fc2.weight, blocks.13.ada_lin.1.weight, blocks.14.attn.mat_qkv.weight, blocks.14.attn.proj.weight, blocks.14.ffn.fc1.weight, '\n"
                   " 'blocks.14.ffn.fc2.weight, blocks.14.ada_lin.1.weight, blocks.15.attn.mat_qkv.weight, blocks.15.attn.proj.weight, blocks.15.ffn.fc1.weight, blocks.15.ffn.fc2.weight, blocks.15.ada_lin.1.weight, '\n"
                   " 'head_nm.ada_lin.1.weight, head.weight')",
         'wd_sc': 1.0},
  'ND': { 'lr_sc': 1.0,
          'params': "('pos_start, pos_1LC, word_embed.bias, lvl_embed.weight, blocks.0.attn.scale_mul_1H11, blocks.0.attn.q_bias, blocks.0.attn.v_bias, blocks.0.attn.proj.bias, blocks.0.ffn.fc1.bias, '\n"
                    " 'blocks.0.ffn.fc2.bias, blocks.0.ada_lin.1.bias, blocks.1.attn.scale_mul_1H11, blocks.1.attn.q_bias, blocks.1.attn.v_bias, blocks.1.attn.proj.bias, blocks.1.ffn.fc1.bias, blocks.1.ffn.fc2.bias, '\n"
                    " 'blocks.1.ada_lin.1.bias, blocks.2.attn.scale_mul_1H11, blocks.2.attn.q_bias, blocks.2.attn.v_bias, blocks.2.attn.proj.bias, blocks.2.ffn.fc1.bias, blocks.2.ffn.fc2.bias, blocks.2.ada_lin.1.bias, '\n"
                    " 'blocks.3.attn.scale_mul_1H11, blocks.3.attn.q_bias, blocks.3.attn.v_bias, blocks.3.attn.proj.bias, blocks.3.ffn.fc1.bias, blocks.3.ffn.fc2.bias, blocks.3.ada_lin.1.bias, '\n"
                    " 'blocks.4.attn.scale_mul_1H11, blocks.4.attn.q_bias, blocks.4.attn.v_bias, blocks.4.attn.proj.bias, blocks.4.ffn.fc1.bias, blocks.4.ffn.fc2.bias, blocks.4.ada_lin.1.bias, '\n"
                    " 'blocks.5.attn.scale_mul_1H11, blocks.5.attn.q_bias, blocks.5.attn.v_bias, blocks.5.attn.proj.bias, blocks.5.ffn.fc1.bias, blocks.5.ffn.fc2.bias, blocks.5.ada_lin.1.bias, '\n"
                    " 'blocks.6.attn.scale_mul_1H11, blocks.6.attn.q_bias, blocks.6.attn.v_bias, blocks.6.attn.proj.bias, blocks.6.ffn.fc1.bias, blocks.6.ffn.fc2.bias, blocks.6.ada_lin.1.bias, '\n"
                    " 'blocks.7.attn.scale_mul_1H11, blocks.7.attn.q_bias, blocks.7.attn.v_bias, blocks.7.attn.proj.bias, blocks.7.ffn.fc1.bias, blocks.7.ffn.fc2.bias, blocks.7.ada_lin.1.bias, '\n"
                    " 'blocks.8.attn.scale_mul_1H11, blocks.8.attn.q_bias, blocks.8.attn.v_bias, blocks.8.attn.proj.bias, blocks.8.ffn.fc1.bias, blocks.8.ffn.fc2.bias, blocks.8.ada_lin.1.bias, '\n"
                    " 'blocks.9.attn.scale_mul_1H11, blocks.9.attn.q_bias, blocks.9.attn.v_bias, blocks.9.attn.proj.bias, blocks.9.ffn.fc1.bias, blocks.9.ffn.fc2.bias, blocks.9.ada_lin.1.bias, '\n"
                    " 'blocks.10.attn.scale_mul_1H11, blocks.10.attn.q_bias, blocks.10.attn.v_bias, blocks.10.attn.proj.bias, blocks.10.ffn.fc1.bias, blocks.10.ffn.fc2.bias, blocks.10.ada_lin.1.bias, '\n"
                    " 'blocks.11.attn.scale_mul_1H11, blocks.11.attn.q_bias, blocks.11.attn.v_bias, blocks.11.attn.proj.bias, blocks.11.ffn.fc1.bias, blocks.11.ffn.fc2.bias, blocks.11.ada_lin.1.bias, '\n"
                    " 'blocks.12.attn.scale_mul_1H11, blocks.12.attn.q_bias, blocks.12.attn.v_bias, blocks.12.attn.proj.bias, blocks.12.ffn.fc1.bias, blocks.12.ffn.fc2.bias, blocks.12.ada_lin.1.bias, '\n"
                    " 'blocks.13.attn.scale_mul_1H11, blocks.13.attn.q_bias, blocks.13.attn.v_bias, blocks.13.attn.proj.bias, blocks.13.ffn.fc1.bias, blocks.13.ffn.fc2.bias, blocks.13.ada_lin.1.bias, '\n"
                    " 'blocks.14.attn.scale_mul_1H11, blocks.14.attn.q_bias, blocks.14.attn.v_bias, blocks.14.attn.proj.bias, blocks.14.ffn.fc1.bias, blocks.14.ffn.fc2.bias, blocks.14.ada_lin.1.bias, '\n"
                    " 'blocks.15.attn.scale_mul_1H11, blocks.15.attn.q_bias, blocks.15.attn.v_bias, blocks.15.attn.proj.bias, blocks.15.ffn.fc1.bias, blocks.15.ffn.fc2.bias, blocks.15.ada_lin.1.bias, '\n"
                    " 'head_nm.ada_lin.1.bias, head.bias')",
          'wd_sc': 0.0}}

[09-03 17:13:05] (rain/utils/lr_control.py, line 104)=> [get_param_groups][rank0] type(model).__name__='VAR' count=202, numel=231405120
[09-03 17:13:05] (rain/utils/lr_control.py, line 104)=> [get_param_groups][rank1] type(model).__name__='VAR' count=202, numel=231405120
[09-03 17:13:05] (rain/utils/lr_control.py, line 104)=> [get_param_groups][rank2] type(model).__name__='VAR' count=202, numel=231405120
[09-03 17:13:05] (rain/utils/lr_control.py, line 104)=> [get_param_groups][rank3] type(model).__name__='VAR' count=202, numel=231405120
[09-03 17:13:05] (rain/utils/lr_control.py, line 104)=> [get_param_groups][rank4] type(model).__name__='VAR' count=202, numel=231405120
[09-03 17:13:05] (rain/utils/lr_control.py, line 104)=> [get_param_groups][rank5] type(model).__name__='VAR' count=202, numel=231405120
[09-03 17:13:05] (rain/utils/lr_control.py, line 104)=> [get_param_groups][rank6] type(model).__name__='VAR' count=202, numel=231405120
[09-03 17:13:05] (rain/utils/lr_control.py, line 105)=> 
[09-03 17:13:05] (prune/VAR_train/train.py, line 142)=> [INIT] optim=functools.partial(<class 'torch.optim.adamw.AdamW'>, betas=(0.9, 0.95), fused=True), opt_kw={'lr': 0.0002, 'weight_decay': 0}

[09-03 17:13:05] (rain/utils/lr_control.py, line 104)=> [get_param_groups][rank7] type(model).__name__='VAR' count=202, numel=231405120
[09-03 17:13:10] (/VAR_train/utils/misc.py, line 314)=> [Ep]: [   0/1]  [   0/2503]  eta: 3:27:17  tlr: 1e-06  tnm: 33.55  Lm: 10.065 (10.065)  Lt: 9.236 (9.236)  Accm: 0.06 (0.06)  Acct: 0.05 (0.05)  time: 4.9692  data: 0.9363
[09-03 17:43:48] (/VAR_train/utils/misc.py, line 314)=> [Ep]: [   0/1]  [ 625/2503]  eta: 1:32:08  tlr: 0.00017  tnm: 0.52  Lm: 8.494 (8.494)  Lt: 7.951 (7.951)  Accm: 0.93 (0.93)  Acct: 1.14 (1.14)  time: 3.1419  data: 1.8478
[09-03 18:14:00] (/VAR_train/utils/misc.py, line 314)=> [Ep]: [   0/1]  [1251/2503]  eta: 1:00:54  tlr: 0.00012  tnm: 0.51  Lm: 6.923 (7.879)  Lt: 6.666 (7.389)  Accm: 1.79 (1.55)  Acct: 2.23 (2.02)  time: 2.9702  data: 1.6403
[09-03 18:44:26] (/VAR_train/utils/misc.py, line 314)=> [Ep]: [   0/1]  [1876/2503]  eta: 0:30:30  tlr: 6.8e-05  tnm: 0.44  Lm: 6.786 (7.541)  Lt: 6.466 (7.062)  Accm: 2.29 (1.99)  Acct: 3.01 (2.60)  time: 3.5171  data: 2.1559
[09-03 19:14:57] (/VAR_train/utils/misc.py, line 314)=> [Ep]: [   0/1]  [2502/2503]  eta: 0:00:02  tlr: 2e-05  tnm: 0.41  Lm: 6.648 (7.323)  Lt: 6.266 (6.857)  Accm: 2.79 (2.28)  Acct: 3.79 (2.96)  time: 3.1868  data: 1.9058
[09-03 19:14:57] (/VAR_train/utils/misc.py, line 336)=> [Ep]: [   0/1]   Total time:      2:01:52   (2.921 s / it)
[09-03 19:16:42] (prune/VAR_train/train.py, line 236)=>  [*] [ep0]  (val 50000)  Lm: 7.3170, Lt: 6.8429, Acc m&t: 2.29 2.97,  Val cost: 104.88s
[09-03 19:16:42] (prune/VAR_train/train.py, line 241)=> [saving ckpt] ...     [saving ckpt](*) finished!  @ /home/suanba/EdgeVAR/real_prune/VAR_train/0.4_d16_real_1epoch_150i_8_512_slim/ar-ckpt-last.pth
[09-03 19:16:46] (prune/VAR_train/train.py, line 253)=>      [ep0]  (training )  Lm: 7.317 (7.317), Lt: 6.843 (6.843),  Acc m&t: 2.29 2.97,  Remain: 0:00:40,  Finish: 2025-09-03 19:15
[09-03 19:16:46] (prune/VAR_train/train.py, line 259)=> 


[09-03 19:16:46] (prune/VAR_train/train.py, line 260)=>   [*] [PT finished]  Total cost: 2.1h,   Lm: 7.317 (7.316976857185364),   Lt: 6.843 (6.842863249778747)
[09-03 19:16:46] (prune/VAR_train/train.py, line 261)=> 


[09-03 19:16:52] (prune/VAR_train/train.py, line 268)=> final args:

{
  data_path           : /home/suanba/datasets/ImageNet-1K
  exp_name            : text
  vfast               : 0
  vae_path            : /home/suanba/EdgeVAR/slimgpt_pub/model_zoo/model_zoo/vae_ch160v4096z32.pth
  var_path            : /home/suanba/EdgeVAR/real_prune/slimgpt_pub_prune/sparsity_model/prune_d16_0.4sparsity_150i_256eva_scale.pth
  tfast               : 0
  depth               : 16
  sparsity            : 0.4
  ini                 : -1
  hd                  : 0.02
  aln                 : 0.5
  alng                : 0.001
  fp16                : 1
  tblr                : 0.0001
  tlr                 : 0.0002
  twd                 : 0.05
  twde                : 0.05
  tclip               : 2.0
  ls                  : 0.0
  maxlayer            : 16
  bs                  : 512
  batch_size          : 64
  glb_batch_size      : 512
  ac                  : 1
  ep                  : 1
  wp                  : 0.02
  wp0                 : 0.005
  wpe                 : 0.1
  sche                : lin0
  opt                 : adamw
  afuse               : True
  saln                : False
  anorm               : True
  fuse                : True
  pn                  : 1_2_3_4_5_6_8_10_13_16
  patch_size          : 16
  patch_nums          : (1, 2, 3, 4, 5, 6, 8, 10, 13, 16)
  resos               : (16, 32, 48, 64, 80, 96, 128, 160, 208, 256)
  data_load_reso      : 256
  mid_reso            : 1.125
  hflip               : False
  workers             : 0
  pg                  : 0.0
  pg0                 : 4
  pgwp                : 0.0033333333333333335
  cmd                 : --depth=16 --bs=512 --ep=1 --fp16=1 --alng=1e-3 --wpe=0.1 --sparsity=0.4 --local_out_dir_path=/home/suanba/EdgeVAR/real_prune/VAR_train/0.4_d16_real_1epoch_150i_8_512_slim --data_path=/home/suanba/datasets/ImageNet-1K --var_path=/home/suanba/EdgeVAR/real_prune/slimgpt_pub_prune/sparsity_model/prune_d16_0.4sparsity_150i_256eva_scale.pth --vae_path=/home/suanba/EdgeVAR/slimgpt_pub/model_zoo/model_zoo/vae_ch160v4096z32.pth
  branch              : main
  commit_id           : 3011c066ecd17fd236eb1237cb23e132b995e187
  commit_msg          : real
  acc_mean            : 2.2907858754479093
  acc_tail            : 2.971954345703125
  L_mean              : 7.316976857185364
  L_tail              : 6.842863249778747
  vacc_mean           : 3.400655746459961
  vacc_tail           : 4.892913818359375
  vL_mean             : 6.454161167144775
  vL_tail             : 5.918593406677246
  grad_norm           : 7.0859733581542965
  cur_lr              : 2e-05
  cur_wd              : 0.05
  cur_it              : 2503/2503
  cur_ep              : 1/1
  remain_time         : -
  finish_time         : 2025-09-03 19:15
  local_out_dir_path  : /home/suanba/EdgeVAR/real_prune/VAR_train/0.4_d16_real_1epoch_150i_8_512_slim
  tb_log_dir_path     : /home/suanba/EdgeVAR/real_prune/VAR_train/0.4_d16_real_1epoch_150i_8_512_slim/tb-VARd16__pn1_2_3_4_5_6_8_10_13_16__b512ep1adamlr0.0001wd0.05
  log_txt_path        : /home/suanba/EdgeVAR/real_prune/VAR_train/0.4_d16_real_1epoch_150i_8_512_slim/log.txt
  last_ckpt_path      : /home/suanba/EdgeVAR/real_prune/VAR_train/0.4_d16_real_1epoch_150i_8_512_slim/ar-ckpt-last.pth
  tf32                : True
  seed                : None
  transfer            : False
  same_seed_for_all_ranks: 0
  local_debug         : False
  dbg_nan             : False
}

